 6280 677 380 15165 36 12995 11736
 56 3330 90 878

 239
 288
 418
 216
 217
 217 217
 217 217 217
 216 217
 58 12139 12953
 6411 97 12953
 58 12139 8028
 6411 97 8028
 6411 97 8028 19
 58 12139 30 12953 19
 6411 97 30 12953 19
 1796 1167 3792 118 266 32 23098
 105 34 38 42 934 2748 14719 93 283 3062 88 6224
 7019 5067 160 250 4745 24983 5097 3846 258 160 251 9067 21185 5097 7078 7400 11012 5922
 176 271 241 176 271 133 176 271 260 176 272 252 176 271 256 176 272 243 176 271 263 176 271 134 176 271 272 176 272 242 176 271 272 176 271 114 176 271 133 176 271 246 176 271 242 176 271 268 176 271 246 176 272 242 176 271 250
 3077 267 241 416 22791 27 8418 133 485 254 3077 253 123 17441 416 20828 2268 468 2388 92 336 1620 85 1656 2846 27 21532 246 416 17334 468 2388 10269 2707 3283 12064 18334 16335 27
 58 12139
 6411 97
 239 6411 97
 288 6411 97
 418 6411 97
 418 6411 97 217 418 6411 97
 416
 217 576
 25 313 83
 58 12139 30 984 25 528 19 13991 2267 3019 8418 242 3375 26526 181 244 130 16934 1072 306 19244 117 26389 35 37 35 38 35 39 35 10135 121 112
 37
 37 37
 37 37 37
 37 37 37 37
 37 37 37 37 37
 37 37 37 37 37 37
 37 37 37 37 37 37 37
 37 37 37 37 37 37 37 37
 37 37 37 37 37 37 37 37 37
 217 217 217 217 217 217 239 216 239 216 216 239 216 217 217 217 217 217 3077 267 241 416 22791 27 8418 133 485 254 3077 253 123 17441 416 20828 2268 468 2388 92 336 1620 85 1656 2846 27 21532 246 3792 118 266 3077 118 266 564 564 37 564 37 37 564 37 37 37 564 37 37 37 37 564 37 37 37 37 37 564 37 37 37 37 37 37 564 37 37 37 37 37 37 37 564 32 37 564 32 32 37 564 32 32 32 37 239 176 271 241 176 271 133 176 271 260 176 272 252 176 271 256 176 272 243 176 271 263 176 271 134 176 271 272 176 272 242 176 271 272 176 271 114 176 271 133 176 271 246 23407 242 3375 26526 181 244 130 16934 1072 306 19244 117 26389 35 37 35 38 35 39 35 10135 121 112 461 31 31 31 31 31 47 47 47 47 47 47 47 24983 5067 160 250 4745 24983 5097 3846 258 160 251 9067 21185 5097 7078 7400 11012 5922 918 25 25 25 25 25 82 82 82 82 82 82 82 20 20 20 20 32 32 32 32 32 32 19 19 19 19 19 19 49 49 49 49 49 49 422 25 435 10363 918 102 534 1774 25 101 10404 30 918 2003 3019 15855 49 918 63 2675 15855 422 25 1975 8325 2219 30 918 54 3019 1094 10445 584 83 49 5342 25 10874 293 25 94 62
